# JRE version: 7.0_11-b21
# Java VM: Java HotSpot(TM) 64-Bit Server VM (23.6-b04 mixed mode windows-amd64 compressed oops)
Heap
 PSYoungGen      total 20288K, used 14217K [0x00000000fa000000, 0x00000000fbbc0000, 0x0000000100000000)
  eden space 17408K, 65% used [0x00000000fa000000,0x00000000fab17648,0x00000000fb100000)
  from space 2880K, 99% used [0x00000000fb150000,0x00000000fb41ae40,0x00000000fb420000)
  to   space 5504K, 0% used [0x00000000fb660000,0x00000000fb660000,0x00000000fbbc0000)
 ParOldGen       total 78720K, used 77547K [0x00000000e8000000, 0x00000000ecce0000, 0x00000000fa000000)
  object space 78720K, 98% used [0x00000000e8000000,0x00000000ecbbaeb8,0x00000000ecce0000)
 PSPermGen       total 106176K, used 73549K [0x00000000e0000000, 0x00000000e67b0000, 0x00000000e8000000)
  object space 106176K, 69% used [0x00000000e0000000,0x00000000e47d3770,0x00000000e67b0000)
GC Heap History (10 events):
Event: 1387.442 GC heap before
{Heap before GC invocations=133 (full 2):
 PSYoungGen      total 22144K, used 20759K [0x00000000fa000000, 0x00000000fbc90000, 0x0000000100000000)
  eden space 17408K, 100% used [0x00000000fa000000,0x00000000fb100000,0x00000000fb100000)
  from space 4736K, 70% used [0x00000000fb5f0000,0x00000000fb935d70,0x00000000fba90000)
  to   space 5056K, 0% used [0x00000000fb100000,0x00000000fb100000,0x00000000fb5f0000)
 ParOldGen       total 78720K, used 77395K [0x00000000e8000000, 0x00000000ecce0000, 0x00000000fa000000)
  object space 78720K, 98% used [0x00000000e8000000,0x00000000ecb94e98,0x00000000ecce0000)
 PSPermGen       total 106176K, used 73516K [0x00000000e0000000, 0x00000000e67b0000, 0x00000000e8000000)
  object space 106176K, 69% used [0x00000000e0000000,0x00000000e47cb040,0x00000000e67b0000)
Event: 1387.450 GC heap after
Heap after GC invocations=133 (full 2):
 PSYoungGen      total 22464K, used 3126K [0x00000000fa000000, 0x00000000fbc70000, 0x0000000100000000)
  eden space 17408K, 0% used [0x00000000fa000000,0x00000000fa000000,0x00000000fb100000)
  from space 5056K, 61% used [0x00000000fb100000,0x00000000fb40d8a0,0x00000000fb5f0000)
  to   space 5248K, 0% used [0x00000000fb750000,0x00000000fb750000,0x00000000fbc70000)
 ParOldGen       total 78720K, used 77427K [0x00000000e8000000, 0x00000000ecce0000, 0x00000000fa000000)
  object space 78720K, 98% used [0x00000000e8000000,0x00000000ecb9ce98,0x00000000ecce0000)
 PSPermGen       total 106176K, used 73516K [0x00000000e0000000, 0x00000000e67b0000, 0x00000000e8000000)
  object space 106176K, 69% used [0x00000000e0000000,0x00000000e47cb040,0x00000000e67b0000)
}
Event: 1393.631 GC heap before
{Heap before GC invocations=134 (full 2):
 PSYoungGen      total 22464K, used 20534K [0x00000000fa000000, 0x00000000fbc70000, 0x0000000100000000)
  eden space 17408K, 100% used [0x00000000fa000000,0x00000000fb100000,0x00000000fb100000)
  from space 5056K, 61% used [0x00000000fb100000,0x00000000fb40d8a0,0x00000000fb5f0000)
  to   space 5248K, 0% used [0x00000000fb750000,0x00000000fb750000,0x00000000fbc70000)
 ParOldGen       total 78720K, used 77427K [0x00000000e8000000, 0x00000000ecce0000, 0x00000000fa000000)
  object space 78720K, 98% used [0x00000000e8000000,0x00000000ecb9ce98,0x00000000ecce0000)
 PSPermGen       total 106176K, used 73517K [0x00000000e0000000, 0x00000000e67b0000, 0x00000000e8000000)
  object space 106176K, 69% used [0x00000000e0000000,0x00000000e47cb5e8,0x00000000e67b0000)
Event: 1393.639 GC heap after
Heap after GC invocations=134 (full 2):
 PSYoungGen      total 23680K, used 3286K [0x00000000fa000000, 0x00000000fbca0000, 0x0000000100000000)
  eden space 18432K, 0% used [0x00000000fa000000,0x00000000fa000000,0x00000000fb200000)
  from space 5248K, 62% used [0x00000000fb750000,0x00000000fba858a0,0x00000000fbc70000)
  to   space 5440K, 0% used [0x00000000fb200000,0x00000000fb200000,0x00000000fb750000)
 ParOldGen       total 78720K, used 77451K [0x00000000e8000000, 0x00000000ecce0000, 0x00000000fa000000)
  object space 78720K, 98% used [0x00000000e8000000,0x00000000ecba2e98,0x00000000ecce0000)
 PSPermGen       total 106176K, used 73517K [0x00000000e0000000, 0x00000000e67b0000, 0x00000000e8000000)
  object space 106176K, 69% used [0x00000000e0000000,0x00000000e47cb5e8,0x00000000e67b0000)
}
Event: 1397.000 GC heap before
{Heap before GC invocations=135 (full 2):
 PSYoungGen      total 23680K, used 21718K [0x00000000fa000000, 0x00000000fbca0000, 0x0000000100000000)
  eden space 18432K, 100% used [0x00000000fa000000,0x00000000fb200000,0x00000000fb200000)
  from space 5248K, 62% used [0x00000000fb750000,0x00000000fba858a0,0x00000000fbc70000)
  to   space 5440K, 0% used [0x00000000fb200000,0x00000000fb200000,0x00000000fb750000)
 ParOldGen       total 78720K, used 77451K [0x00000000e8000000, 0x00000000ecce0000, 0x00000000fa000000)
  object space 78720K, 98% used [0x00000000e8000000,0x00000000ecba2e98,0x00000000ecce0000)
 PSPermGen       total 106176K, used 73524K [0x00000000e0000000, 0x00000000e67b0000, 0x00000000e8000000)
  object space 106176K, 69% used [0x00000000e0000000,0x00000000e47cd220,0x00000000e67b0000)
Event: 1397.008 GC heap after
Heap after GC invocations=135 (full 2):
 PSYoungGen      total 21184K, used 3126K [0x00000000fa000000, 0x00000000fbc60000, 0x0000000100000000)
  eden space 18048K, 0% used [0x00000000fa000000,0x00000000fa000000,0x00000000fb1a0000)
  from space 3136K, 99% used [0x00000000fb200000,0x00000000fb50d8a0,0x00000000fb510000)
  to   space 5504K, 0% used [0x00000000fb700000,0x00000000fb700000,0x00000000fbc60000)
 ParOldGen       total 78720K, used 77467K [0x00000000e8000000, 0x00000000ecce0000, 0x00000000fa000000)
  object space 78720K, 98% used [0x00000000e8000000,0x00000000ecba6e98,0x00000000ecce0000)
 PSPermGen       total 106176K, used 73524K [0x00000000e0000000, 0x00000000e67b0000, 0x00000000e8000000)
  object space 106176K, 69% used [0x00000000e0000000,0x00000000e47cd220,0x00000000e67b0000)
}
Event: 1401.702 GC heap before
{Heap before GC invocations=136 (full 2):
 PSYoungGen      total 21184K, used 21174K [0x00000000fa000000, 0x00000000fbc60000, 0x0000000100000000)
  eden space 18048K, 100% used [0x00000000fa000000,0x00000000fb1a0000,0x00000000fb1a0000)
  from space 3136K, 99% used [0x00000000fb200000,0x00000000fb50d8a0,0x00000000fb510000)
  to   space 5504K, 0% used [0x00000000fb700000,0x00000000fb700000,0x00000000fbc60000)
 ParOldGen       total 78720K, used 77467K [0x00000000e8000000, 0x00000000ecce0000, 0x00000000fa000000)
  object space 78720K, 98% used [0x00000000e8000000,0x00000000ecba6e98,0x00000000ecce0000)
 PSPermGen       total 106176K, used 73531K [0x00000000e0000000, 0x00000000e67b0000, 0x00000000e8000000)
  object space 106176K, 69% used [0x00000000e0000000,0x00000000e47cec50,0x00000000e67b0000)
Event: 1401.712 GC heap after
Heap after GC invocations=136 (full 2):
 PSYoungGen      total 23168K, used 3350K [0x00000000fa000000, 0x00000000fbc50000, 0x0000000100000000)
  eden space 17728K, 0% used [0x00000000fa000000,0x00000000fa000000,0x00000000fb150000)
  from space 5440K, 61% used [0x00000000fb700000,0x00000000fba458a0,0x00000000fbc50000)
  to   space 5632K, 0% used [0x00000000fb150000,0x00000000fb150000,0x00000000fb6d0000)
 ParOldGen       total 78720K, used 77491K [0x00000000e8000000, 0x00000000ecce0000, 0x00000000fa000000)
  object space 78720K, 98% used [0x00000000e8000000,0x00000000ecbace98,0x00000000ecce0000)
 PSPermGen       total 106176K, used 73531K [0x00000000e0000000, 0x00000000e67b0000, 0x00000000e8000000)
  object space 106176K, 69% used [0x00000000e0000000,0x00000000e47cec50,0x00000000e67b0000)
}
Event: 1406.608 GC heap before
{Heap before GC invocations=137 (full 2):
 PSYoungGen      total 23168K, used 21078K [0x00000000fa000000, 0x00000000fbc50000, 0x0000000100000000)
  eden space 17728K, 100% used [0x00000000fa000000,0x00000000fb150000,0x00000000fb150000)
  from space 5440K, 61% used [0x00000000fb700000,0x00000000fba458a0,0x00000000fbc50000)
  to   space 5632K, 0% used [0x00000000fb150000,0x00000000fb150000,0x00000000fb6d0000)
 ParOldGen       total 78720K, used 77491K [0x00000000e8000000, 0x00000000ecce0000, 0x00000000fa000000)
  object space 78720K, 98% used [0x00000000e8000000,0x00000000ecbace98,0x00000000ecce0000)
 PSPermGen       total 106176K, used 73533K [0x00000000e0000000, 0x00000000e67b0000, 0x00000000e8000000)
  object space 106176K, 69% used [0x00000000e0000000,0x00000000e47cf748,0x00000000e67b0000)
Event: 1406.615 GC heap after
Heap after GC invocations=137 (full 2):
 PSYoungGen      total 20288K, used 2859K [0x00000000fa000000, 0x00000000fbbc0000, 0x0000000100000000)
  eden space 17408K, 0% used [0x00000000fa000000,0x00000000fa000000,0x00000000fb100000)
  from space 2880K, 99% used [0x00000000fb150000,0x00000000fb41ae40,0x00000000fb420000)
  to   space 5504K, 0% used [0x00000000fb660000,0x00000000fb660000,0x00000000fbbc0000)
 ParOldGen       total 78720K, used 77547K [0x00000000e8000000, 0x00000000ecce0000, 0x00000000fa000000)
  object space 78720K, 98% used [0x00000000e8000000,0x00000000ecbbaeb8,0x00000000ecce0000)
 PSPermGen       total 106176K, used 73533K [0x00000000e0000000, 0x00000000e67b0000, 0x00000000e8000000)
  object space 106176K, 69% used [0x00000000e0000000,0x00000000e47cf748,0x00000000e67b0000)
}

